<?xml version="1.0" encoding="UTF-8"?>
<!-- Generated by org.testng.reporters.JUnitReportReporter -->
<testsuite skipped="0" hostname="Shail" name="jva.jva.Testng" tests="1" failures="0" timestamp="2021-04-04T04:51:53 IST" time="19.640" errors="0">
  <testcase name="add" time="19.640" classname="jva.jva.Testng"/>
  <system-out/>
</testsuite> <!-- jva.jva.Testng -->
